# JRE version: OpenJDK Runtime Environment (8.0_242-b01) (build 1.8.0_242-release-1644-b01)
# Java VM: OpenJDK 64-Bit Server VM (25.242-b01 mixed mode windows-amd64 compressed oops)
Heap:
 PSYoungGen      total 422400K, used 216536K [0x00000000d5580000, 0x00000000f4680000, 0x0000000100000000)
  eden space 378368K, 45% used [0x00000000d5580000,0x00000000dfdfb268,0x00000000ec700000)
  from space 44032K, 99% used [0x00000000efd00000,0x00000000f27fada8,0x00000000f2800000)
  to   space 55296K, 0% used [0x00000000ec700000,0x00000000ec700000,0x00000000efd00000)
 ParOldGen       total 181248K, used 109470K [0x0000000080000000, 0x000000008b100000, 0x00000000d5580000)
  object space 181248K, 60% used [0x0000000080000000,0x0000000086ae7a98,0x000000008b100000)
 Metaspace       used 113815K, capacity 120470K, committed 120652K, reserved 1155072K
  class space    used 14643K, capacity 15885K, committed 16000K, reserved 1048576K
GC Heap History (10 events):
Event: 126.803 GC heap before
{Heap before GC invocations=20 (full 4):
 PSYoungGen      total 281600K, used 258048K [0x00000000d5580000, 0x00000000ed700000, 0x0000000100000000)
  eden space 258048K, 100% used [0x00000000d5580000,0x00000000e5180000,0x00000000e5180000)
  from space 23552K, 0% used [0x00000000e5180000,0x00000000e5180000,0x00000000e6880000)
  to   space 31232K, 0% used [0x00000000eb880000,0x00000000eb880000,0x00000000ed700000)
 ParOldGen       total 181248K, used 72223K [0x0000000080000000, 0x000000008b100000, 0x00000000d5580000)
  object space 181248K, 39% used [0x0000000080000000,0x0000000084687c60,0x000000008b100000)
 Metaspace       used 97004K, capacity 101710K, committed 101964K, reserved 1138688K
  class space    used 12635K, capacity 13633K, committed 13696K, reserved 1048576K
Event: 126.839 GC heap after
Heap after GC invocations=20 (full 4):
 PSYoungGen      total 333824K, used 16309K [0x00000000d5580000, 0x00000000ec880000, 0x0000000100000000)
  eden space 317440K, 0% used [0x00000000d5580000,0x00000000d5580000,0x00000000e8b80000)
  from space 16384K, 99% used [0x00000000eb880000,0x00000000ec86d4d8,0x00000000ec880000)
  to   space 30720K, 0% used [0x00000000e8c80000,0x00000000e8c80000,0x00000000eaa80000)
 ParOldGen       total 181248K, used 72231K [0x0000000080000000, 0x000000008b100000, 0x00000000d5580000)
  object space 181248K, 39% used [0x0000000080000000,0x0000000084689c60,0x000000008b100000)
 Metaspace       used 97004K, capacity 101710K, committed 101964K, reserved 1138688K
  class space    used 12635K, capacity 13633K, committed 13696K, reserved 1048576K
}
Event: 136.653 GC heap before
{Heap before GC invocations=21 (full 4):
 PSYoungGen      total 333824K, used 333749K [0x00000000d5580000, 0x00000000ec880000, 0x0000000100000000)
  eden space 317440K, 100% used [0x00000000d5580000,0x00000000e8b80000,0x00000000e8b80000)
  from space 16384K, 99% used [0x00000000eb880000,0x00000000ec86d4d8,0x00000000ec880000)
  to   space 30720K, 0% used [0x00000000e8c80000,0x00000000e8c80000,0x00000000eaa80000)
 ParOldGen       total 181248K, used 72231K [0x0000000080000000, 0x000000008b100000, 0x00000000d5580000)
  object space 181248K, 39% used [0x0000000080000000,0x0000000084689c60,0x000000008b100000)
 Metaspace       used 97328K, capacity 101948K, committed 102220K, reserved 1138688K
  class space    used 12638K, capacity 13638K, committed 13696K, reserved 1048576K
Event: 136.686 GC heap after
Heap after GC invocations=21 (full 4):
 PSYoungGen      total 349184K, used 15690K [0x00000000d5580000, 0x00000000ef000000, 0x0000000100000000)
  eden space 318464K, 0% used [0x00000000d5580000,0x00000000d5580000,0x00000000e8c80000)
  from space 30720K, 51% used [0x00000000e8c80000,0x00000000e9bd2940,0x00000000eaa80000)
  to   space 30208K, 0% used [0x00000000ed280000,0x00000000ed280000,0x00000000ef000000)
 ParOldGen       total 181248K, used 72239K [0x0000000080000000, 0x000000008b100000, 0x00000000d5580000)
  object space 181248K, 39% used [0x0000000080000000,0x000000008468bc60,0x000000008b100000)
 Metaspace       used 97328K, capacity 101948K, committed 102220K, reserved 1138688K
  class space    used 12638K, capacity 13638K, committed 13696K, reserved 1048576K
}
Event: 1128.822 GC heap before
{Heap before GC invocations=22 (full 4):
 PSYoungGen      total 349184K, used 334154K [0x00000000d5580000, 0x00000000ef000000, 0x0000000100000000)
  eden space 318464K, 100% used [0x00000000d5580000,0x00000000e8c80000,0x00000000e8c80000)
  from space 30720K, 51% used [0x00000000e8c80000,0x00000000e9bd2940,0x00000000eaa80000)
  to   space 30208K, 0% used [0x00000000ed280000,0x00000000ed280000,0x00000000ef000000)
 ParOldGen       total 181248K, used 72239K [0x0000000080000000, 0x000000008b100000, 0x00000000d5580000)
  object space 181248K, 39% used [0x0000000080000000,0x000000008468bc60,0x000000008b100000)
 Metaspace       used 102757K, capacity 107722K, committed 107980K, reserved 1142784K
  class space    used 13204K, capacity 14257K, committed 14336K, reserved 1048576K
Event: 1128.995 GC heap after
Heap after GC invocations=22 (full 4):
 PSYoungGen      total 379904K, used 30199K [0x00000000d5580000, 0x00000000efe00000, 0x0000000100000000)
  eden space 349696K, 0% used [0x00000000d5580000,0x00000000d5580000,0x00000000eab00000)
  from space 30208K, 99% used [0x00000000ed280000,0x00000000eeffdc88,0x00000000ef000000)
  to   space 40448K, 0% used [0x00000000eab00000,0x00000000eab00000,0x00000000ed280000)
 ParOldGen       total 181248K, used 87378K [0x0000000080000000, 0x000000008b100000, 0x00000000d5580000)
  object space 181248K, 48% used [0x0000000080000000,0x0000000085554a80,0x000000008b100000)
 Metaspace       used 102757K, capacity 107722K, committed 107980K, reserved 1142784K
  class space    used 13204K, capacity 14257K, committed 14336K, reserved 1048576K
}
Event: 1142.712 GC heap before
{Heap before GC invocations=23 (full 4):
 PSYoungGen      total 379904K, used 379895K [0x00000000d5580000, 0x00000000efe00000, 0x0000000100000000)
  eden space 349696K, 100% used [0x00000000d5580000,0x00000000eab00000,0x00000000eab00000)
  from space 30208K, 99% used [0x00000000ed280000,0x00000000eeffdc88,0x00000000ef000000)
  to   space 40448K, 0% used [0x00000000eab00000,0x00000000eab00000,0x00000000ed280000)
 ParOldGen       total 181248K, used 87378K [0x0000000080000000, 0x000000008b100000, 0x00000000d5580000)
  object space 181248K, 48% used [0x0000000080000000,0x0000000085554a80,0x000000008b100000)
 Metaspace       used 105301K, capacity 110530K, committed 110668K, reserved 1144832K
  class space    used 13511K, capacity 14593K, committed 14720K, reserved 1048576K
Event: 1142.846 GC heap after
Heap after GC invocations=23 (full 4):
 PSYoungGen      total 390144K, used 32876K [0x00000000d5580000, 0x00000000f2800000, 0x0000000100000000)
  eden space 349696K, 0% used [0x00000000d5580000,0x00000000d5580000,0x00000000eab00000)
  from space 40448K, 81% used [0x00000000eab00000,0x00000000ecb1b360,0x00000000ed280000)
  to   space 44032K, 0% used [0x00000000efd00000,0x00000000efd00000,0x00000000f2800000)
 ParOldGen       total 181248K, used 96947K [0x0000000080000000, 0x000000008b100000, 0x00000000d5580000)
  object space 181248K, 53% used [0x0000000080000000,0x0000000085eacda8,0x000000008b100000)
 Metaspace       used 105301K, capacity 110530K, committed 110668K, reserved 1144832K
  class space    used 13511K, capacity 14593K, committed 14720K, reserved 1048576K
}
Event: 1152.835 GC heap before
{Heap before GC invocations=24 (full 4):
 PSYoungGen      total 390144K, used 382572K [0x00000000d5580000, 0x00000000f2800000, 0x0000000100000000)
  eden space 349696K, 100% used [0x00000000d5580000,0x00000000eab00000,0x00000000eab00000)
  from space 40448K, 81% used [0x00000000eab00000,0x00000000ecb1b360,0x00000000ed280000)
  to   space 44032K, 0% used [0x00000000efd00000,0x00000000efd00000,0x00000000f2800000)
 ParOldGen       total 181248K, used 96947K [0x0000000080000000, 0x000000008b100000, 0x00000000d5580000)
  object space 181248K, 53% used [0x0000000080000000,0x0000000085eacda8,0x000000008b100000)
 Metaspace       used 113686K, capacity 120320K, committed 120652K, reserved 1155072K
  class space    used 14642K, capacity 15882K, committed 16000K, reserved 1048576K
Event: 1153.040 GC heap after
Heap after GC invocations=24 (full 4):
 PSYoungGen      total 422400K, used 44011K [0x00000000d5580000, 0x00000000f4680000, 0x0000000100000000)
  eden space 378368K, 0% used [0x00000000d5580000,0x00000000d5580000,0x00000000ec700000)
  from space 44032K, 99% used [0x00000000efd00000,0x00000000f27fada8,0x00000000f2800000)
  to   space 55296K, 0% used [0x00000000ec700000,0x00000000ec700000,0x00000000efd00000)
 ParOldGen       total 181248K, used 109470K [0x0000000080000000, 0x000000008b100000, 0x00000000d5580000)
  object space 181248K, 60% used [0x0000000080000000,0x0000000086ae7a98,0x000000008b100000)
 Metaspace       used 113686K, capacity 120320K, committed 120652K, reserved 1155072K
  class space    used 14642K, capacity 15882K, committed 16000K, reserved 1048576K
}

