# JRE version: OpenJDK Runtime Environment (8.0_242-b01) (build 1.8.0_242-release-1644-b01)
# Java VM: OpenJDK 64-Bit Server VM (25.242-b01 mixed mode windows-amd64 compressed oops)
Heap:
 PSYoungGen      total 590336K, used 219024K [0x00000000d5580000, 0x00000000fd580000, 0x0000000100000000)
  eden space 534528K, 39% used [0x00000000d5580000,0x00000000e23d9a40,0x00000000f5f80000)
  from space 55808K, 13% used [0x00000000f9f00000,0x00000000fa68a758,0x00000000fd580000)
  to   space 60416K, 0% used [0x00000000f5f80000,0x00000000f5f80000,0x00000000f9a80000)
 ParOldGen       total 222720K, used 166812K [0x0000000080000000, 0x000000008d980000, 0x00000000d5580000)
  object space 222720K, 74% used [0x0000000080000000,0x000000008a2e71b8,0x000000008d980000)
 Metaspace       used 99928K, capacity 104828K, committed 104984K, reserved 1140736K
  class space    used 13183K, capacity 14110K, committed 14120K, reserved 1048576K
GC Heap History (10 events):
Event: 149.608 GC heap before
{Heap before GC invocations=28 (full 4):
 PSYoungGen      total 391680K, used 378394K [0x00000000d5580000, 0x00000000f5f00000, 0x0000000100000000)
  eden space 327680K, 100% used [0x00000000d5580000,0x00000000e9580000,0x00000000e9580000)
  from space 64000K, 79% used [0x00000000e9580000,0x00000000ec706a48,0x00000000ed400000)
  to   space 69632K, 0% used [0x00000000f1b00000,0x00000000f1b00000,0x00000000f5f00000)
 ParOldGen       total 222720K, used 97008K [0x0000000080000000, 0x000000008d980000, 0x00000000d5580000)
  object space 222720K, 43% used [0x0000000080000000,0x0000000085ebc0c8,0x000000008d980000)
 Metaspace       used 99514K, capacity 104412K, committed 104472K, reserved 1140736K
  class space    used 13165K, capacity 14074K, committed 14120K, reserved 1048576K
Event: 149.746 GC heap after
Heap after GC invocations=28 (full 4):
 PSYoungGen      total 464896K, used 16015K [0x00000000d5580000, 0x00000000f5d00000, 0x0000000100000000)
  eden space 397312K, 0% used [0x00000000d5580000,0x00000000d5580000,0x00000000ed980000)
  from space 67584K, 23% used [0x00000000f1b00000,0x00000000f2aa3fb0,0x00000000f5d00000)
  to   space 67072K, 0% used [0x00000000ed980000,0x00000000ed980000,0x00000000f1b00000)
 ParOldGen       total 222720K, used 134996K [0x0000000080000000, 0x000000008d980000, 0x00000000d5580000)
  object space 222720K, 60% used [0x0000000080000000,0x00000000883d51b8,0x000000008d980000)
 Metaspace       used 99514K, capacity 104412K, committed 104472K, reserved 1140736K
  class space    used 13165K, capacity 14074K, committed 14120K, reserved 1048576K
}
Event: 154.514 GC heap before
{Heap before GC invocations=29 (full 4):
 PSYoungGen      total 464896K, used 413327K [0x00000000d5580000, 0x00000000f5d00000, 0x0000000100000000)
  eden space 397312K, 100% used [0x00000000d5580000,0x00000000ed980000,0x00000000ed980000)
  from space 67584K, 23% used [0x00000000f1b00000,0x00000000f2aa3fb0,0x00000000f5d00000)
  to   space 67072K, 0% used [0x00000000ed980000,0x00000000ed980000,0x00000000f1b00000)
 ParOldGen       total 222720K, used 134996K [0x0000000080000000, 0x000000008d980000, 0x00000000d5580000)
  object space 222720K, 60% used [0x0000000080000000,0x00000000883d51b8,0x000000008d980000)
 Metaspace       used 99598K, capacity 104532K, committed 104728K, reserved 1140736K
  class space    used 13176K, capacity 14110K, committed 14120K, reserved 1048576K
Event: 154.625 GC heap after
Heap after GC invocations=29 (full 4):
 PSYoungGen      total 464384K, used 10593K [0x00000000d5580000, 0x00000000f9780000, 0x0000000100000000)
  eden space 397312K, 0% used [0x00000000d5580000,0x00000000d5580000,0x00000000ed980000)
  from space 67072K, 15% used [0x00000000ed980000,0x00000000ee3d8780,0x00000000f1b00000)
  to   space 66048K, 0% used [0x00000000f5700000,0x00000000f5700000,0x00000000f9780000)
 ParOldGen       total 222720K, used 145002K [0x0000000080000000, 0x000000008d980000, 0x00000000d5580000)
  object space 222720K, 65% used [0x0000000080000000,0x0000000088d9aa10,0x000000008d980000)
 Metaspace       used 99598K, capacity 104532K, committed 104728K, reserved 1140736K
  class space    used 13176K, capacity 14110K, committed 14120K, reserved 1048576K
}
Event: 162.846 GC heap before
{Heap before GC invocations=30 (full 4):
 PSYoungGen      total 464384K, used 407905K [0x00000000d5580000, 0x00000000f9780000, 0x0000000100000000)
  eden space 397312K, 100% used [0x00000000d5580000,0x00000000ed980000,0x00000000ed980000)
  from space 67072K, 15% used [0x00000000ed980000,0x00000000ee3d8780,0x00000000f1b00000)
  to   space 66048K, 0% used [0x00000000f5700000,0x00000000f5700000,0x00000000f9780000)
 ParOldGen       total 222720K, used 145002K [0x0000000080000000, 0x000000008d980000, 0x00000000d5580000)
  object space 222720K, 65% used [0x0000000080000000,0x0000000088d9aa10,0x000000008d980000)
 Metaspace       used 99644K, capacity 104544K, committed 104728K, reserved 1140736K
  class space    used 13176K, capacity 14110K, committed 14120K, reserved 1048576K
Event: 163.097 GC heap after
Heap after GC invocations=30 (full 4):
 PSYoungGen      total 523776K, used 11925K [0x00000000d5580000, 0x00000000f9480000, 0x0000000100000000)
  eden space 460800K, 0% used [0x00000000d5580000,0x00000000d5580000,0x00000000f1780000)
  from space 62976K, 18% used [0x00000000f5700000,0x00000000f62a5558,0x00000000f9480000)
  to   space 64000K, 0% used [0x00000000f1780000,0x00000000f1780000,0x00000000f5600000)
 ParOldGen       total 222720K, used 149597K [0x0000000080000000, 0x000000008d980000, 0x00000000d5580000)
  object space 222720K, 67% used [0x0000000080000000,0x00000000892177d8,0x000000008d980000)
 Metaspace       used 99644K, capacity 104544K, committed 104728K, reserved 1140736K
  class space    used 13176K, capacity 14110K, committed 14120K, reserved 1048576K
}
Event: 167.080 GC heap before
{Heap before GC invocations=31 (full 4):
 PSYoungGen      total 523776K, used 472725K [0x00000000d5580000, 0x00000000f9480000, 0x0000000100000000)
  eden space 460800K, 100% used [0x00000000d5580000,0x00000000f1780000,0x00000000f1780000)
  from space 62976K, 18% used [0x00000000f5700000,0x00000000f62a5558,0x00000000f9480000)
  to   space 64000K, 0% used [0x00000000f1780000,0x00000000f1780000,0x00000000f5600000)
 ParOldGen       total 222720K, used 149597K [0x0000000080000000, 0x000000008d980000, 0x00000000d5580000)
  object space 222720K, 67% used [0x0000000080000000,0x00000000892177d8,0x000000008d980000)
 Metaspace       used 99887K, capacity 104748K, committed 104984K, reserved 1140736K
  class space    used 13181K, capacity 14110K, committed 14120K, reserved 1048576K
Event: 167.242 GC heap after
Heap after GC invocations=31 (full 4):
 PSYoungGen      total 524800K, used 14352K [0x00000000d5580000, 0x00000000fdb00000, 0x0000000100000000)
  eden space 460800K, 0% used [0x00000000d5580000,0x00000000d5580000,0x00000000f1780000)
  from space 64000K, 22% used [0x00000000f1780000,0x00000000f2584120,0x00000000f5600000)
  to   space 61440K, 0% used [0x00000000f9f00000,0x00000000f9f00000,0x00000000fdb00000)
 ParOldGen       total 222720K, used 158288K [0x0000000080000000, 0x000000008d980000, 0x00000000d5580000)
  object space 222720K, 71% used [0x0000000080000000,0x0000000089a942a0,0x000000008d980000)
 Metaspace       used 99887K, capacity 104748K, committed 104984K, reserved 1140736K
  class space    used 13181K, capacity 14110K, committed 14120K, reserved 1048576K
}
Event: 172.456 GC heap before
{Heap before GC invocations=32 (full 4):
 PSYoungGen      total 524800K, used 475152K [0x00000000d5580000, 0x00000000fdb00000, 0x0000000100000000)
  eden space 460800K, 100% used [0x00000000d5580000,0x00000000f1780000,0x00000000f1780000)
  from space 64000K, 22% used [0x00000000f1780000,0x00000000f2584120,0x00000000f5600000)
  to   space 61440K, 0% used [0x00000000f9f00000,0x00000000f9f00000,0x00000000fdb00000)
 ParOldGen       total 222720K, used 158288K [0x0000000080000000, 0x000000008d980000, 0x00000000d5580000)
  object space 222720K, 71% used [0x0000000080000000,0x0000000089a942a0,0x000000008d980000)
 Metaspace       used 99898K, capacity 104748K, committed 104984K, reserved 1140736K
  class space    used 13181K, capacity 14110K, committed 14120K, reserved 1048576K
Event: 172.562 GC heap after
Heap after GC invocations=32 (full 4):
 PSYoungGen      total 590336K, used 7721K [0x00000000d5580000, 0x00000000fd580000, 0x0000000100000000)
  eden space 534528K, 0% used [0x00000000d5580000,0x00000000d5580000,0x00000000f5f80000)
  from space 55808K, 13% used [0x00000000f9f00000,0x00000000fa68a758,0x00000000fd580000)
  to   space 60416K, 0% used [0x00000000f5f80000,0x00000000f5f80000,0x00000000f9a80000)
 ParOldGen       total 222720K, used 166812K [0x0000000080000000, 0x000000008d980000, 0x00000000d5580000)
  object space 222720K, 74% used [0x0000000080000000,0x000000008a2e71b8,0x000000008d980000)
 Metaspace       used 99898K, capacity 104748K, committed 104984K, reserved 1140736K
  class space    used 13181K, capacity 14110K, committed 14120K, reserved 1048576K
}

