# JRE version: OpenJDK Runtime Environment (8.0_242-b01) (build 1.8.0_242-release-1644-b01)
# Java VM: OpenJDK 64-Bit Server VM (25.242-b01 mixed mode windows-amd64 compressed oops)
Heap:
 PSYoungGen      total 629760K, used 584149K [0x00000000d5580000, 0x00000000fda80000, 0x0000000100000000)
  eden space 599040K, 93% used [0x00000000d5580000,0x00000000f78a6e78,0x00000000f9e80000)
  from space 30720K, 77% used [0x00000000f9e80000,0x00000000fb5ce948,0x00000000fbc80000)
  to   space 28672K, 0% used [0x00000000fbe80000,0x00000000fbe80000,0x00000000fda80000)
 ParOldGen       total 201216K, used 70634K [0x0000000080000000, 0x000000008c480000, 0x00000000d5580000)
  object space 201216K, 35% used [0x0000000080000000,0x00000000844faae8,0x000000008c480000)
 Metaspace       used 103626K, capacity 110696K, committed 110872K, reserved 1144832K
  class space    used 13389K, capacity 14590K, committed 14640K, reserved 1048576K
GC Heap History (10 events):
Event: 178.888 GC heap before
{Heap before GC invocations=29 (full 3):
 PSYoungGen      total 560640K, used 533527K [0x00000000d5580000, 0x00000000fc880000, 0x0000000100000000)
  eden space 525824K, 100% used [0x00000000d5580000,0x00000000f5700000,0x00000000f5700000)
  from space 34816K, 22% used [0x00000000f5700000,0x00000000f5e85eb8,0x00000000f7900000)
  to   space 34304K, 0% used [0x00000000fa700000,0x00000000fa700000,0x00000000fc880000)
 ParOldGen       total 121856K, used 101145K [0x0000000080000000, 0x0000000087700000, 0x00000000d5580000)
  object space 121856K, 83% used [0x0000000080000000,0x00000000862c65b0,0x0000000087700000)
 Metaspace       used 91851K, capacity 97576K, committed 97816K, reserved 1134592K
  class space    used 12065K, capacity 13077K, committed 13104K, reserved 1048576K
Event: 178.919 GC heap after
Heap after GC invocations=29 (full 3):
 PSYoungGen      total 587264K, used 12821K [0x00000000d5580000, 0x00000000fbd00000, 0x0000000100000000)
  eden space 564736K, 0% used [0x00000000d5580000,0x00000000d5580000,0x00000000f7d00000)
  from space 22528K, 56% used [0x00000000fa700000,0x00000000fb385448,0x00000000fbd00000)
  to   space 32768K, 0% used [0x00000000f7d00000,0x00000000f7d00000,0x00000000f9d00000)
 ParOldGen       total 121856K, used 101153K [0x0000000080000000, 0x0000000087700000, 0x00000000d5580000)
  object space 121856K, 83% used [0x0000000080000000,0x00000000862c85b0,0x0000000087700000)
 Metaspace       used 91851K, capacity 97576K, committed 97816K, reserved 1134592K
  class space    used 12065K, capacity 13077K, committed 13104K, reserved 1048576K
}
Event: 204.510 GC heap before
{Heap before GC invocations=30 (full 3):
 PSYoungGen      total 587264K, used 419816K [0x00000000d5580000, 0x00000000fbd00000, 0x0000000100000000)
  eden space 564736K, 72% used [0x00000000d5580000,0x00000000ee2f4c30,0x00000000f7d00000)
  from space 22528K, 56% used [0x00000000fa700000,0x00000000fb385448,0x00000000fbd00000)
  to   space 32768K, 0% used [0x00000000f7d00000,0x00000000f7d00000,0x00000000f9d00000)
 ParOldGen       total 121856K, used 101153K [0x0000000080000000, 0x0000000087700000, 0x00000000d5580000)
  object space 121856K, 83% used [0x0000000080000000,0x00000000862c85b0,0x0000000087700000)
 Metaspace       used 92440K, capacity 98530K, committed 98600K, reserved 1134592K
  class space    used 12123K, capacity 13182K, committed 13232K, reserved 1048576K
Event: 204.563 GC heap after
Heap after GC invocations=30 (full 3):
 PSYoungGen      total 597504K, used 10615K [0x00000000d5580000, 0x00000000fde00000, 0x0000000100000000)
  eden space 564736K, 0% used [0x00000000d5580000,0x00000000d5580000,0x00000000f7d00000)
  from space 32768K, 32% used [0x00000000f7d00000,0x00000000f875ded8,0x00000000f9d00000)
  to   space 32256K, 0% used [0x00000000fbe80000,0x00000000fbe80000,0x00000000fde00000)
 ParOldGen       total 121856K, used 101161K [0x0000000080000000, 0x0000000087700000, 0x00000000d5580000)
  object space 121856K, 83% used [0x0000000080000000,0x00000000862ca5b0,0x0000000087700000)
 Metaspace       used 92440K, capacity 98530K, committed 98600K, reserved 1134592K
  class space    used 12123K, capacity 13182K, committed 13232K, reserved 1048576K
}
Event: 204.564 GC heap before
{Heap before GC invocations=31 (full 4):
 PSYoungGen      total 597504K, used 10615K [0x00000000d5580000, 0x00000000fde00000, 0x0000000100000000)
  eden space 564736K, 0% used [0x00000000d5580000,0x00000000d5580000,0x00000000f7d00000)
  from space 32768K, 32% used [0x00000000f7d00000,0x00000000f875ded8,0x00000000f9d00000)
  to   space 32256K, 0% used [0x00000000fbe80000,0x00000000fbe80000,0x00000000fde00000)
 ParOldGen       total 121856K, used 101161K [0x0000000080000000, 0x0000000087700000, 0x00000000d5580000)
  object space 121856K, 83% used [0x0000000080000000,0x00000000862ca5b0,0x0000000087700000)
 Metaspace       used 92440K, capacity 98530K, committed 98600K, reserved 1134592K
  class space    used 12123K, capacity 13182K, committed 13232K, reserved 1048576K
Event: 205.231 GC heap after
Heap after GC invocations=31 (full 4):
 PSYoungGen      total 597504K, used 0K [0x00000000d5580000, 0x00000000fde00000, 0x0000000100000000)
  eden space 564736K, 0% used [0x00000000d5580000,0x00000000d5580000,0x00000000f7d00000)
  from space 32768K, 0% used [0x00000000f7d00000,0x00000000f7d00000,0x00000000f9d00000)
  to   space 32256K, 0% used [0x00000000fbe80000,0x00000000fbe80000,0x00000000fde00000)
 ParOldGen       total 201216K, used 70618K [0x0000000080000000, 0x000000008c480000, 0x00000000d5580000)
  object space 201216K, 35% used [0x0000000080000000,0x00000000844f6ae8,0x000000008c480000)
 Metaspace       used 91994K, capacity 97476K, committed 98600K, reserved 1134592K
  class space    used 11964K, capacity 12897K, committed 13232K, reserved 1048576K
}
Event: 317.063 GC heap before
{Heap before GC invocations=32 (full 4):
 PSYoungGen      total 597504K, used 564736K [0x00000000d5580000, 0x00000000fde00000, 0x0000000100000000)
  eden space 564736K, 100% used [0x00000000d5580000,0x00000000f7d00000,0x00000000f7d00000)
  from space 32768K, 0% used [0x00000000f7d00000,0x00000000f7d00000,0x00000000f9d00000)
  to   space 32256K, 0% used [0x00000000fbe80000,0x00000000fbe80000,0x00000000fde00000)
 ParOldGen       total 201216K, used 70618K [0x0000000080000000, 0x000000008c480000, 0x00000000d5580000)
  object space 201216K, 35% used [0x0000000080000000,0x00000000844f6ae8,0x000000008c480000)
 Metaspace       used 94203K, capacity 100768K, committed 101016K, reserved 1136640K
  class space    used 12286K, capacity 13381K, committed 13488K, reserved 1048576K
Event: 317.112 GC heap after
Heap after GC invocations=32 (full 4):
 PSYoungGen      total 627712K, used 13793K [0x00000000d5580000, 0x00000000fda80000, 0x0000000100000000)
  eden space 599040K, 0% used [0x00000000d5580000,0x00000000d5580000,0x00000000f9e80000)
  from space 28672K, 48% used [0x00000000fbe80000,0x00000000fcbf8748,0x00000000fda80000)
  to   space 30720K, 0% used [0x00000000f9e80000,0x00000000f9e80000,0x00000000fbc80000)
 ParOldGen       total 201216K, used 70626K [0x0000000080000000, 0x000000008c480000, 0x00000000d5580000)
  object space 201216K, 35% used [0x0000000080000000,0x00000000844f8ae8,0x000000008c480000)
 Metaspace       used 94203K, capacity 100768K, committed 101016K, reserved 1136640K
  class space    used 12286K, capacity 13381K, committed 13488K, reserved 1048576K
}
Event: 574.634 GC heap before
{Heap before GC invocations=33 (full 4):
 PSYoungGen      total 627712K, used 612833K [0x00000000d5580000, 0x00000000fda80000, 0x0000000100000000)
  eden space 599040K, 100% used [0x00000000d5580000,0x00000000f9e80000,0x00000000f9e80000)
  from space 28672K, 48% used [0x00000000fbe80000,0x00000000fcbf8748,0x00000000fda80000)
  to   space 30720K, 0% used [0x00000000f9e80000,0x00000000f9e80000,0x00000000fbc80000)
 ParOldGen       total 201216K, used 70626K [0x0000000080000000, 0x000000008c480000, 0x00000000d5580000)
  object space 201216K, 35% used [0x0000000080000000,0x00000000844f8ae8,0x000000008c480000)
 Metaspace       used 98703K, capacity 105522K, committed 105624K, reserved 1140736K
  class space    used 12760K, capacity 13938K, committed 14000K, reserved 1048576K
Event: 574.672 GC heap after
Heap after GC invocations=33 (full 4):
 PSYoungGen      total 629760K, used 23866K [0x00000000d5580000, 0x00000000fda80000, 0x0000000100000000)
  eden space 599040K, 0% used [0x00000000d5580000,0x00000000d5580000,0x00000000f9e80000)
  from space 30720K, 77% used [0x00000000f9e80000,0x00000000fb5ce948,0x00000000fbc80000)
  to   space 28672K, 0% used [0x00000000fbe80000,0x00000000fbe80000,0x00000000fda80000)
 ParOldGen       total 201216K, used 70634K [0x0000000080000000, 0x000000008c480000, 0x00000000d5580000)
  object space 201216K, 35% used [0x0000000080000000,0x00000000844faae8,0x000000008c480000)
 Metaspace       used 98703K, capacity 105522K, committed 105624K, reserved 1140736K
  class space    used 12760K, capacity 13938K, committed 14000K, reserved 1048576K
}

