# JRE version: OpenJDK Runtime Environment (8.0_242-b01) (build 1.8.0_242-release-1644-b01)
# Java VM: OpenJDK 64-Bit Server VM (25.242-b01 mixed mode windows-amd64 compressed oops)
Heap:
 PSYoungGen      total 389632K, used 167559K [0x00000000d5580000, 0x00000000f6900000, 0x0000000100000000)
  eden space 334336K, 33% used [0x00000000d5580000,0x00000000dc323f90,0x00000000e9c00000)
  from space 55296K, 99% used [0x00000000eeb80000,0x00000000f217e018,0x00000000f2180000)
  to   space 81408K, 0% used [0x00000000e9c00000,0x00000000e9c00000,0x00000000eeb80000)
 ParOldGen       total 250368K, used 164392K [0x0000000080000000, 0x000000008f480000, 0x00000000d5580000)
  object space 250368K, 65% used [0x0000000080000000,0x000000008a08a290,0x000000008f480000)
 Metaspace       used 98998K, capacity 103920K, committed 104088K, reserved 1138688K
  class space    used 12960K, capacity 13886K, committed 14000K, reserved 1048576K
GC Heap History (10 events):
Event: 35.876 GC heap before
{Heap before GC invocations=20 (full 4):
 PSYoungGen      total 272384K, used 252375K [0x00000000d5580000, 0x00000000eec80000, 0x0000000100000000)
  eden space 250368K, 99% used [0x00000000d5580000,0x00000000e49f9028,0x00000000e4a00000)
  from space 22016K, 9% used [0x00000000e4a00000,0x00000000e4bfccc0,0x00000000e5f80000)
  to   space 47104K, 0% used [0x00000000ebe80000,0x00000000ebe80000,0x00000000eec80000)
 ParOldGen       total 250368K, used 117065K [0x0000000080000000, 0x000000008f480000, 0x00000000d5580000)
  object space 250368K, 46% used [0x0000000080000000,0x0000000087252538,0x000000008f480000)
 Metaspace       used 80020K, capacity 83838K, committed 83992K, reserved 1122304K
  class space    used 11007K, capacity 11768K, committed 11824K, reserved 1048576K
Event: 35.936 GC heap after
Heap after GC invocations=20 (full 4):
 PSYoungGen      total 324608K, used 11737K [0x00000000d5580000, 0x00000000ed480000, 0x0000000100000000)
  eden space 302080K, 0% used [0x00000000d5580000,0x00000000d5580000,0x00000000e7c80000)
  from space 22528K, 52% used [0x00000000ebe80000,0x00000000ec9f66f8,0x00000000ed480000)
  to   space 45056K, 0% used [0x00000000e7c80000,0x00000000e7c80000,0x00000000ea880000)
 ParOldGen       total 250368K, used 118561K [0x0000000080000000, 0x000000008f480000, 0x00000000d5580000)
  object space 250368K, 47% used [0x0000000080000000,0x00000000873c8548,0x000000008f480000)
 Metaspace       used 80020K, capacity 83838K, committed 83992K, reserved 1122304K
  class space    used 11007K, capacity 11768K, committed 11824K, reserved 1048576K
}
Event: 95.361 GC heap before
{Heap before GC invocations=21 (full 4):
 PSYoungGen      total 324608K, used 313817K [0x00000000d5580000, 0x00000000ed480000, 0x0000000100000000)
  eden space 302080K, 100% used [0x00000000d5580000,0x00000000e7c80000,0x00000000e7c80000)
  from space 22528K, 52% used [0x00000000ebe80000,0x00000000ec9f66f8,0x00000000ed480000)
  to   space 45056K, 0% used [0x00000000e7c80000,0x00000000e7c80000,0x00000000ea880000)
 ParOldGen       total 250368K, used 118561K [0x0000000080000000, 0x000000008f480000, 0x00000000d5580000)
  object space 250368K, 47% used [0x0000000080000000,0x00000000873c8548,0x000000008f480000)
 Metaspace       used 84361K, capacity 88338K, committed 88344K, reserved 1126400K
  class space    used 11315K, capacity 12078K, committed 12080K, reserved 1048576K
Event: 95.439 GC heap after
Heap after GC invocations=21 (full 4):
 PSYoungGen      total 347136K, used 31160K [0x00000000d5580000, 0x00000000efb80000, 0x0000000100000000)
  eden space 302080K, 0% used [0x00000000d5580000,0x00000000d5580000,0x00000000e7c80000)
  from space 45056K, 69% used [0x00000000e7c80000,0x00000000e9aee270,0x00000000ea880000)
  to   space 47616K, 0% used [0x00000000ecd00000,0x00000000ecd00000,0x00000000efb80000)
 ParOldGen       total 250368K, used 118569K [0x0000000080000000, 0x000000008f480000, 0x00000000d5580000)
  object space 250368K, 47% used [0x0000000080000000,0x00000000873ca548,0x000000008f480000)
 Metaspace       used 84361K, capacity 88338K, committed 88344K, reserved 1126400K
  class space    used 11315K, capacity 12078K, committed 12080K, reserved 1048576K
}
Event: 283.005 GC heap before
{Heap before GC invocations=22 (full 4):
 PSYoungGen      total 347136K, used 333240K [0x00000000d5580000, 0x00000000efb80000, 0x0000000100000000)
  eden space 302080K, 100% used [0x00000000d5580000,0x00000000e7c80000,0x00000000e7c80000)
  from space 45056K, 69% used [0x00000000e7c80000,0x00000000e9aee270,0x00000000ea880000)
  to   space 47616K, 0% used [0x00000000ecd00000,0x00000000ecd00000,0x00000000efb80000)
 ParOldGen       total 250368K, used 118569K [0x0000000080000000, 0x000000008f480000, 0x00000000d5580000)
  object space 250368K, 47% used [0x0000000080000000,0x00000000873ca548,0x000000008f480000)
 Metaspace       used 87305K, capacity 91556K, committed 91800K, reserved 1128448K
  class space    used 11581K, capacity 12369K, committed 12464K, reserved 1048576K
Event: 283.076 GC heap after
Heap after GC invocations=22 (full 4):
 PSYoungGen      total 371200K, used 26656K [0x00000000d5580000, 0x00000000ef500000, 0x0000000100000000)
  eden space 330240K, 0% used [0x00000000d5580000,0x00000000d5580000,0x00000000e9800000)
  from space 40960K, 65% used [0x00000000ecd00000,0x00000000ee7080d8,0x00000000ef500000)
  to   space 47616K, 0% used [0x00000000e9800000,0x00000000e9800000,0x00000000ec680000)
 ParOldGen       total 250368K, used 118569K [0x0000000080000000, 0x000000008f480000, 0x00000000d5580000)
  object space 250368K, 47% used [0x0000000080000000,0x00000000873ca548,0x000000008f480000)
 Metaspace       used 87305K, capacity 91556K, committed 91800K, reserved 1128448K
  class space    used 11581K, capacity 12369K, committed 12464K, reserved 1048576K
}
Event: 292.544 GC heap before
{Heap before GC invocations=23 (full 4):
 PSYoungGen      total 371200K, used 356896K [0x00000000d5580000, 0x00000000ef500000, 0x0000000100000000)
  eden space 330240K, 100% used [0x00000000d5580000,0x00000000e9800000,0x00000000e9800000)
  from space 40960K, 65% used [0x00000000ecd00000,0x00000000ee7080d8,0x00000000ef500000)
  to   space 47616K, 0% used [0x00000000e9800000,0x00000000e9800000,0x00000000ec680000)
 ParOldGen       total 250368K, used 118569K [0x0000000080000000, 0x000000008f480000, 0x00000000d5580000)
  object space 250368K, 47% used [0x0000000080000000,0x00000000873ca548,0x000000008f480000)
 Metaspace       used 95254K, capacity 99766K, committed 99992K, reserved 1136640K
  class space    used 12554K, capacity 13393K, committed 13488K, reserved 1048576K
Event: 292.657 GC heap after
Heap after GC invocations=23 (full 4):
 PSYoungGen      total 377856K, used 46968K [0x00000000d5580000, 0x00000000f2180000, 0x0000000100000000)
  eden space 330240K, 0% used [0x00000000d5580000,0x00000000d5580000,0x00000000e9800000)
  from space 47616K, 98% used [0x00000000e9800000,0x00000000ec5de260,0x00000000ec680000)
  to   space 55296K, 0% used [0x00000000eeb80000,0x00000000eeb80000,0x00000000f2180000)
 ParOldGen       total 250368K, used 118577K [0x0000000080000000, 0x000000008f480000, 0x00000000d5580000)
  object space 250368K, 47% used [0x0000000080000000,0x00000000873cc548,0x000000008f480000)
 Metaspace       used 95254K, capacity 99766K, committed 99992K, reserved 1136640K
  class space    used 12554K, capacity 13393K, committed 13488K, reserved 1048576K
}
Event: 296.297 GC heap before
{Heap before GC invocations=24 (full 4):
 PSYoungGen      total 377856K, used 377208K [0x00000000d5580000, 0x00000000f2180000, 0x0000000100000000)
  eden space 330240K, 100% used [0x00000000d5580000,0x00000000e9800000,0x00000000e9800000)
  from space 47616K, 98% used [0x00000000e9800000,0x00000000ec5de260,0x00000000ec680000)
  to   space 55296K, 0% used [0x00000000eeb80000,0x00000000eeb80000,0x00000000f2180000)
 ParOldGen       total 250368K, used 118577K [0x0000000080000000, 0x000000008f480000, 0x00000000d5580000)
  object space 250368K, 47% used [0x0000000080000000,0x00000000873cc548,0x000000008f480000)
 Metaspace       used 98981K, capacity 103854K, committed 104088K, reserved 1138688K
  class space    used 12959K, capacity 13885K, committed 14000K, reserved 1048576K
Event: 296.591 GC heap after
Heap after GC invocations=24 (full 4):
 PSYoungGen      total 389632K, used 55288K [0x00000000d5580000, 0x00000000f6900000, 0x0000000100000000)
  eden space 334336K, 0% used [0x00000000d5580000,0x00000000d5580000,0x00000000e9c00000)
  from space 55296K, 99% used [0x00000000eeb80000,0x00000000f217e018,0x00000000f2180000)
  to   space 81408K, 0% used [0x00000000e9c00000,0x00000000e9c00000,0x00000000eeb80000)
 ParOldGen       total 250368K, used 164392K [0x0000000080000000, 0x000000008f480000, 0x00000000d5580000)
  object space 250368K, 65% used [0x0000000080000000,0x000000008a08a290,0x000000008f480000)
 Metaspace       used 98981K, capacity 103854K, committed 104088K, reserved 1138688K
  class space    used 12959K, capacity 13885K, committed 14000K, reserved 1048576K
}

